Using pre-set license

 COMMAND LINE ARGUMENTS:
/Applications/Unity/Hub/Editor/2021.1.6f1/Unity.app/Contents/MacOS/Unity
-adb2
-batchMode
-noUpm
-name
AssetImportWorker0
-projectPath
/Users/cyxy/Documents/GitHub/Neontera
-logFile
Logs/AssetImportWorker0.log
-srvPort
52212
Successfully changed project path to: /Users/cyxy/Documents/GitHub/Neontera
/Users/cyxy/Documents/GitHub/Neontera
Using Asset Import Pipeline V2.
Refreshing native plugins compatible for Editor in 170.81 ms, found 2 plugins.
Preloading 0 native plugins for Editor in 0.00 ms.
Initialize engine version: 2021.1.6f1 (c0fade0cc7e9)
[Subsystems] Discovering subsystems at path /Applications/Unity/Hub/Editor/2021.1.6f1/Unity.app/Contents/Resources/UnitySubsystems
[Subsystems] Discovering subsystems at path /Users/cyxy/Documents/GitHub/Neontera/Assets
GfxDevice: creating device client; threaded=0; jobified=0
2021-06-05 17:15:03.673 Unity[33793:4101410] Color LCD preferred device: Intel(R) Iris(TM) Plus Graphics 645 (low power)
2021-06-05 17:15:03.673 Unity[33793:4101410] Metal devices available: 1
2021-06-05 17:15:03.673 Unity[33793:4101410] 0: Intel(R) Iris(TM) Plus Graphics 645 (low power)
2021-06-05 17:15:03.673 Unity[33793:4101410] Using device Intel(R) Iris(TM) Plus Graphics 645 (low power)
Initializing Metal device caps: Intel(R) Iris(TM) Plus Graphics 645
Initialize mono
Mono path[0] = '/Applications/Unity/Hub/Editor/2021.1.6f1/Unity.app/Contents/Managed'
Mono path[1] = '/Applications/Unity/Hub/Editor/2021.1.6f1/Unity.app/Contents/MonoBleedingEdge/lib/mono/unityjit'
Mono config path = '/Applications/Unity/Hub/Editor/2021.1.6f1/Unity.app/Contents/MonoBleedingEdge/etc'
Using monoOptions --debugger-agent=transport=dt_socket,embedding=1,server=y,suspend=n,address=127.0.0.1:56793
Begin MonoManager ReloadAssembly
Registering precompiled unity dll's ...
Register platform support module: /Applications/Unity/Hub/Editor/2021.1.6f1/Unity.app/Contents/PlaybackEngines/MacStandaloneSupport/UnityEditor.OSXStandalone.Extensions.dll
Registered in 0.002686 seconds.
Native extension for OSXStandalone target not found
Refreshing native plugins compatible for Editor in 155.04 ms, found 2 plugins.
Preloading 0 native plugins for Editor in 0.00 ms.
Mono: successfully reloaded assembly
- Completed reload, in  2.793 seconds
Platform modules already initialized, skipping
Registering precompiled user dll's ...
Registered in 0.007136 seconds.
Begin MonoManager ReloadAssembly
Native extension for OSXStandalone target not found
Refreshing native plugins compatible for Editor in 148.62 ms, found 2 plugins.
Preloading 0 native plugins for Editor in 0.00 ms.
Mono: successfully reloaded assembly
- Completed reload, in  1.526 seconds
Platform modules already initialized, skipping
========================================================================
Worker process is ready to serve import requests
Launching external process: /Applications/Unity/Hub/Editor/2021.1.6f1/Unity.app/Contents/Tools/UnityShaderCompiler
Launched and connected shader compiler UnityShaderCompiler after 0.02 seconds
Refreshing native plugins compatible for Editor in 1.31 ms, found 2 plugins.
Preloading 0 native plugins for Editor in 0.00 ms.
Unloading 3549 Unused Serialized files (Serialized files now loaded: 0)
System memory in use before: 218.2 MB.
System memory in use after: 218.4 MB.

Unloading 25 unused Assets to reduce memory usage. Loaded Objects now: 4006.
Total: 2.921870 ms (FindLiveObjects: 0.309319 ms CreateObjectMapping: 0.158103 ms MarkObjects: 2.388977 ms  DeleteObjects: 0.064393 ms)

========================================================================
Received Import Request.
  path: Assets/Scripts/BasicSlimePatrol.cs
  artifactKey: Guid(db2684a8216d94a099e008af67f13b05) Importer(815301076,1909f56bfc062723c751e8b465ee728b)
Start importing Assets/Scripts/BasicSlimePatrol.cs using Guid(db2684a8216d94a099e008af67f13b05) Importer(815301076,1909f56bfc062723c751e8b465ee728b)  -> (artifact id: '0a28a84ecd4c627ea91d0839ef9d391a') in 0.448566 seconds 
========================================================================
Received Prepare
Registering precompiled user dll's ...
Registered in 0.009635 seconds.
Begin MonoManager ReloadAssembly
Native extension for OSXStandalone target not found
Refreshing native plugins compatible for Editor in 1.68 ms, found 2 plugins.
Preloading 0 native plugins for Editor in 0.00 ms.
Mono: successfully reloaded assembly
- Completed reload, in  1.686 seconds
Platform modules already initialized, skipping
Refreshing native plugins compatible for Editor in 1.52 ms, found 2 plugins.
Preloading 0 native plugins for Editor in 0.00 ms.
Unloading 3524 Unused Serialized files (Serialized files now loaded: 0)
System memory in use before: 220.8 MB.
System memory in use after: 221.0 MB.

Unloading 13 unused Assets to reduce memory usage. Loaded Objects now: 4010.
Total: 3.979309 ms (FindLiveObjects: 0.486525 ms CreateObjectMapping: 0.244066 ms MarkObjects: 3.209500 ms  DeleteObjects: 0.037555 ms)

========================================================================
Received Prepare
Registering precompiled user dll's ...
Registered in 0.002601 seconds.
Begin MonoManager ReloadAssembly
Native extension for OSXStandalone target not found
Refreshing native plugins compatible for Editor in 1.34 ms, found 2 plugins.
Preloading 0 native plugins for Editor in 0.00 ms.
Mono: successfully reloaded assembly
- Completed reload, in  1.258 seconds
Platform modules already initialized, skipping
Refreshing native plugins compatible for Editor in 1.16 ms, found 2 plugins.
Preloading 0 native plugins for Editor in 0.00 ms.
Unloading 3524 Unused Serialized files (Serialized files now loaded: 0)
System memory in use before: 221.1 MB.
System memory in use after: 221.3 MB.

Unloading 13 unused Assets to reduce memory usage. Loaded Objects now: 4014.
Total: 2.816225 ms (FindLiveObjects: 0.289299 ms CreateObjectMapping: 0.176332 ms MarkObjects: 2.317554 ms  DeleteObjects: 0.031911 ms)

========================================================================
Received Prepare
Registering precompiled user dll's ...
Registered in 0.002365 seconds.
Begin MonoManager ReloadAssembly
Native extension for OSXStandalone target not found
Refreshing native plugins compatible for Editor in 1.40 ms, found 2 plugins.
Preloading 0 native plugins for Editor in 0.00 ms.
Mono: successfully reloaded assembly
- Completed reload, in  1.223 seconds
Platform modules already initialized, skipping
Refreshing native plugins compatible for Editor in 1.05 ms, found 2 plugins.
Preloading 0 native plugins for Editor in 0.00 ms.
Unloading 3524 Unused Serialized files (Serialized files now loaded: 0)
System memory in use before: 221.3 MB.
System memory in use after: 221.5 MB.

Unloading 13 unused Assets to reduce memory usage. Loaded Objects now: 4018.
Total: 2.875944 ms (FindLiveObjects: 0.632931 ms CreateObjectMapping: 0.182282 ms MarkObjects: 2.032419 ms  DeleteObjects: 0.027334 ms)

========================================================================
Received Prepare
Registering precompiled user dll's ...
Registered in 0.002594 seconds.
Begin MonoManager ReloadAssembly
Native extension for OSXStandalone target not found
Refreshing native plugins compatible for Editor in 1.42 ms, found 2 plugins.
Preloading 0 native plugins for Editor in 0.00 ms.
Mono: successfully reloaded assembly
- Completed reload, in  1.288 seconds
Platform modules already initialized, skipping
Refreshing native plugins compatible for Editor in 1.09 ms, found 2 plugins.
Preloading 0 native plugins for Editor in 0.00 ms.
Unloading 3524 Unused Serialized files (Serialized files now loaded: 0)
System memory in use before: 221.5 MB.
System memory in use after: 221.8 MB.

Unloading 13 unused Assets to reduce memory usage. Loaded Objects now: 4022.
Total: 3.092704 ms (FindLiveObjects: 0.312089 ms CreateObjectMapping: 0.150603 ms MarkObjects: 2.593826 ms  DeleteObjects: 0.034991 ms)

========================================================================
Received Prepare
Registering precompiled user dll's ...
Registered in 0.002689 seconds.
Begin MonoManager ReloadAssembly
Native extension for OSXStandalone target not found
Refreshing native plugins compatible for Editor in 1.29 ms, found 2 plugins.
Preloading 0 native plugins for Editor in 0.00 ms.
Mono: successfully reloaded assembly
- Completed reload, in  1.260 seconds
Platform modules already initialized, skipping
Refreshing native plugins compatible for Editor in 1.13 ms, found 2 plugins.
Preloading 0 native plugins for Editor in 0.00 ms.
Unloading 3524 Unused Serialized files (Serialized files now loaded: 0)
System memory in use before: 221.7 MB.
System memory in use after: 222.0 MB.

Unloading 13 unused Assets to reduce memory usage. Loaded Objects now: 4026.
Total: 2.646400 ms (FindLiveObjects: 0.265911 ms CreateObjectMapping: 0.176523 ms MarkObjects: 2.173209 ms  DeleteObjects: 0.029799 ms)

========================================================================
Received Prepare
Registering precompiled user dll's ...
Registered in 0.002616 seconds.
Begin MonoManager ReloadAssembly
Native extension for OSXStandalone target not found
Refreshing native plugins compatible for Editor in 1.31 ms, found 2 plugins.
Preloading 0 native plugins for Editor in 0.00 ms.
Mono: successfully reloaded assembly
- Completed reload, in  1.270 seconds
Platform modules already initialized, skipping
Refreshing native plugins compatible for Editor in 1.13 ms, found 2 plugins.
Preloading 0 native plugins for Editor in 0.00 ms.
Unloading 3524 Unused Serialized files (Serialized files now loaded: 0)
System memory in use before: 221.9 MB.
System memory in use after: 222.2 MB.

Unloading 13 unused Assets to reduce memory usage. Loaded Objects now: 4030.
Total: 2.692119 ms (FindLiveObjects: 0.303088 ms CreateObjectMapping: 0.163341 ms MarkObjects: 2.182334 ms  DeleteObjects: 0.026208 ms)

========================================================================
Received Prepare
Registering precompiled user dll's ...
Registered in 0.002398 seconds.
Begin MonoManager ReloadAssembly
Native extension for OSXStandalone target not found
Refreshing native plugins compatible for Editor in 1.45 ms, found 2 plugins.
Preloading 0 native plugins for Editor in 0.00 ms.
Mono: successfully reloaded assembly
- Completed reload, in  1.200 seconds
Platform modules already initialized, skipping
Refreshing native plugins compatible for Editor in 1.01 ms, found 2 plugins.
Preloading 0 native plugins for Editor in 0.00 ms.
Unloading 3524 Unused Serialized files (Serialized files now loaded: 0)
System memory in use before: 222.2 MB.
System memory in use after: 222.4 MB.

Unloading 13 unused Assets to reduce memory usage. Loaded Objects now: 4034.
Total: 2.567692 ms (FindLiveObjects: 0.255134 ms CreateObjectMapping: 0.168346 ms MarkObjects: 2.129015 ms  DeleteObjects: 0.013961 ms)

========================================================================
Received Prepare
Registering precompiled user dll's ...
Registered in 0.002398 seconds.
Begin MonoManager ReloadAssembly
Native extension for OSXStandalone target not found
Refreshing native plugins compatible for Editor in 1.35 ms, found 2 plugins.
Preloading 0 native plugins for Editor in 0.00 ms.
Mono: successfully reloaded assembly
- Completed reload, in  1.209 seconds
Platform modules already initialized, skipping
Refreshing native plugins compatible for Editor in 1.03 ms, found 2 plugins.
Preloading 0 native plugins for Editor in 0.00 ms.
Unloading 3524 Unused Serialized files (Serialized files now loaded: 0)
System memory in use before: 222.4 MB.
System memory in use after: 222.6 MB.

Unloading 13 unused Assets to reduce memory usage. Loaded Objects now: 4038.
Total: 2.579172 ms (FindLiveObjects: 0.253363 ms CreateObjectMapping: 0.175284 ms MarkObjects: 2.132745 ms  DeleteObjects: 0.016782 ms)

========================================================================
Received Prepare
Registering precompiled user dll's ...
Registered in 0.007092 seconds.
Begin MonoManager ReloadAssembly
Native extension for OSXStandalone target not found
Refreshing native plugins compatible for Editor in 1.36 ms, found 2 plugins.
Preloading 0 native plugins for Editor in 0.00 ms.
Mono: successfully reloaded assembly
- Completed reload, in  1.190 seconds
Platform modules already initialized, skipping
Refreshing native plugins compatible for Editor in 1.09 ms, found 2 plugins.
Preloading 0 native plugins for Editor in 0.00 ms.
Unloading 3524 Unused Serialized files (Serialized files now loaded: 0)
System memory in use before: 222.6 MB.
System memory in use after: 222.8 MB.

Unloading 13 unused Assets to reduce memory usage. Loaded Objects now: 4042.
Total: 3.091919 ms (FindLiveObjects: 0.262336 ms CreateObjectMapping: 0.153075 ms MarkObjects: 2.102336 ms  DeleteObjects: 0.573227 ms)

========================================================================
Received Prepare
Registering precompiled user dll's ...
Registered in 0.002433 seconds.
Begin MonoManager ReloadAssembly
Native extension for OSXStandalone target not found
Refreshing native plugins compatible for Editor in 1.41 ms, found 2 plugins.
Preloading 0 native plugins for Editor in 0.00 ms.
Mono: successfully reloaded assembly
- Completed reload, in  1.200 seconds
Platform modules already initialized, skipping
Refreshing native plugins compatible for Editor in 1.29 ms, found 2 plugins.
Preloading 0 native plugins for Editor in 0.00 ms.
Unloading 3524 Unused Serialized files (Serialized files now loaded: 0)
System memory in use before: 222.8 MB.
System memory in use after: 223.0 MB.

Unloading 13 unused Assets to reduce memory usage. Loaded Objects now: 4046.
Total: 2.478955 ms (FindLiveObjects: 0.258875 ms CreateObjectMapping: 0.141853 ms MarkObjects: 2.051121 ms  DeleteObjects: 0.026081 ms)

========================================================================
Received Prepare
Registering precompiled user dll's ...
Registered in 0.002355 seconds.
Begin MonoManager ReloadAssembly
Native extension for OSXStandalone target not found
Refreshing native plugins compatible for Editor in 1.28 ms, found 2 plugins.
Preloading 0 native plugins for Editor in 0.00 ms.
Mono: successfully reloaded assembly
- Completed reload, in  1.218 seconds
Platform modules already initialized, skipping
Refreshing native plugins compatible for Editor in 1.04 ms, found 2 plugins.
Preloading 0 native plugins for Editor in 0.00 ms.
Unloading 3524 Unused Serialized files (Serialized files now loaded: 0)
System memory in use before: 223.0 MB.
System memory in use after: 223.2 MB.

Unloading 13 unused Assets to reduce memory usage. Loaded Objects now: 4050.
Total: 3.577481 ms (FindLiveObjects: 0.370385 ms CreateObjectMapping: 0.298507 ms MarkObjects: 2.302021 ms  DeleteObjects: 0.605434 ms)

========================================================================
Received Prepare
Registering precompiled user dll's ...
Registered in 0.002380 seconds.
Begin MonoManager ReloadAssembly
Native extension for OSXStandalone target not found
Refreshing native plugins compatible for Editor in 1.32 ms, found 2 plugins.
Preloading 0 native plugins for Editor in 0.00 ms.
Mono: successfully reloaded assembly
- Completed reload, in  1.199 seconds
Platform modules already initialized, skipping
Refreshing native plugins compatible for Editor in 1.07 ms, found 2 plugins.
Preloading 0 native plugins for Editor in 0.00 ms.
Unloading 3524 Unused Serialized files (Serialized files now loaded: 0)
System memory in use before: 223.2 MB.
System memory in use after: 223.5 MB.

Unloading 13 unused Assets to reduce memory usage. Loaded Objects now: 4054.
Total: 3.654815 ms (FindLiveObjects: 1.249657 ms CreateObjectMapping: 0.162246 ms MarkObjects: 2.218826 ms  DeleteObjects: 0.023166 ms)

========================================================================
Received Prepare
Registering precompiled user dll's ...
Registered in 0.002445 seconds.
Begin MonoManager ReloadAssembly
Native extension for OSXStandalone target not found
Refreshing native plugins compatible for Editor in 1.37 ms, found 2 plugins.
Preloading 0 native plugins for Editor in 0.00 ms.
Mono: successfully reloaded assembly
- Completed reload, in  1.188 seconds
Platform modules already initialized, skipping
Refreshing native plugins compatible for Editor in 1.15 ms, found 2 plugins.
Preloading 0 native plugins for Editor in 0.00 ms.
Unloading 3524 Unused Serialized files (Serialized files now loaded: 0)
System memory in use before: 223.4 MB.
System memory in use after: 223.7 MB.

Unloading 13 unused Assets to reduce memory usage. Loaded Objects now: 4058.
Total: 2.686772 ms (FindLiveObjects: 0.362100 ms CreateObjectMapping: 0.176895 ms MarkObjects: 2.130249 ms  DeleteObjects: 0.016567 ms)

========================================================================
Received Prepare
Registering precompiled user dll's ...
Registered in 0.011460 seconds.
Begin MonoManager ReloadAssembly
Native extension for OSXStandalone target not found
Refreshing native plugins compatible for Editor in 1.74 ms, found 2 plugins.
Preloading 0 native plugins for Editor in 0.00 ms.
Mono: successfully reloaded assembly
- Completed reload, in  1.634 seconds
Platform modules already initialized, skipping
Refreshing native plugins compatible for Editor in 1.38 ms, found 2 plugins.
Preloading 0 native plugins for Editor in 0.00 ms.
Unloading 3524 Unused Serialized files (Serialized files now loaded: 0)
System memory in use before: 223.6 MB.
System memory in use after: 223.9 MB.

Unloading 13 unused Assets to reduce memory usage. Loaded Objects now: 4062.
Total: 2.834984 ms (FindLiveObjects: 0.316032 ms CreateObjectMapping: 0.152899 ms MarkObjects: 2.337371 ms  DeleteObjects: 0.027721 ms)

========================================================================
Received Prepare
Registering precompiled user dll's ...
Registered in 0.003292 seconds.
Begin MonoManager ReloadAssembly
Native extension for OSXStandalone target not found
Refreshing native plugins compatible for Editor in 1.33 ms, found 2 plugins.
Preloading 0 native plugins for Editor in 0.00 ms.
Mono: successfully reloaded assembly
- Completed reload, in  1.406 seconds
Platform modules already initialized, skipping
Refreshing native plugins compatible for Editor in 1.33 ms, found 2 plugins.
Preloading 0 native plugins for Editor in 0.00 ms.
Unloading 3524 Unused Serialized files (Serialized files now loaded: 0)
System memory in use before: 223.9 MB.
System memory in use after: 224.1 MB.

Unloading 13 unused Assets to reduce memory usage. Loaded Objects now: 4066.
Total: 4.612368 ms (FindLiveObjects: 0.810573 ms CreateObjectMapping: 0.180937 ms MarkObjects: 2.966482 ms  DeleteObjects: 0.653041 ms)

========================================================================
Received Prepare
Registering precompiled user dll's ...
Registered in 0.036261 seconds.
Begin MonoManager ReloadAssembly
Native extension for OSXStandalone target not found
Refreshing native plugins compatible for Editor in 37.72 ms, found 2 plugins.
Preloading 0 native plugins for Editor in 0.00 ms.
Mono: successfully reloaded assembly
- Completed reload, in  4.511 seconds
Platform modules already initialized, skipping
Refreshing native plugins compatible for Editor in 8.69 ms, found 2 plugins.
Preloading 0 native plugins for Editor in 0.00 ms.
Unloading 3524 Unused Serialized files (Serialized files now loaded: 0)
System memory in use before: 224.1 MB.
System memory in use after: 224.3 MB.

Unloading 13 unused Assets to reduce memory usage. Loaded Objects now: 4070.
Total: 246.335894 ms (FindLiveObjects: 32.111840 ms CreateObjectMapping: 0.520265 ms MarkObjects: 210.538033 ms  DeleteObjects: 3.162589 ms)

========================================================================
Received Prepare
Registering precompiled user dll's ...
Registered in 0.005209 seconds.
Begin MonoManager ReloadAssembly
Native extension for OSXStandalone target not found
Refreshing native plugins compatible for Editor in 1.90 ms, found 2 plugins.
Preloading 0 native plugins for Editor in 0.00 ms.
Mono: successfully reloaded assembly
- Completed reload, in  2.060 seconds
Platform modules already initialized, skipping
Refreshing native plugins compatible for Editor in 1.43 ms, found 2 plugins.
Preloading 0 native plugins for Editor in 0.00 ms.
Unloading 3524 Unused Serialized files (Serialized files now loaded: 0)
System memory in use before: 224.3 MB.
System memory in use after: 224.5 MB.

Unloading 13 unused Assets to reduce memory usage. Loaded Objects now: 4074.
Total: 9.709397 ms (FindLiveObjects: 1.568478 ms CreateObjectMapping: 0.247763 ms MarkObjects: 7.286273 ms  DeleteObjects: 0.605247 ms)

========================================================================
Received Import Request.
  Time since last request: 11672.462828 seconds.
  path: Assets/Scripts/BasicSlimePatrol.cs
  artifactKey: Guid(db2684a8216d94a099e008af67f13b05) Importer(815301076,1909f56bfc062723c751e8b465ee728b)
Start importing Assets/Scripts/BasicSlimePatrol.cs using Guid(db2684a8216d94a099e008af67f13b05) Importer(815301076,1909f56bfc062723c751e8b465ee728b)  -> (artifact id: '12c6781fea52a1d1d18d2c6d9b0df8bf') in 0.051970 seconds 
========================================================================
Received Prepare
Registering precompiled user dll's ...
Registered in 0.006349 seconds.
Begin MonoManager ReloadAssembly
Native extension for OSXStandalone target not found
Refreshing native plugins compatible for Editor in 1.46 ms, found 2 plugins.
Preloading 0 native plugins for Editor in 0.00 ms.
Mono: successfully reloaded assembly
- Completed reload, in  1.486 seconds
Platform modules already initialized, skipping
Refreshing native plugins compatible for Editor in 1.38 ms, found 2 plugins.
Preloading 0 native plugins for Editor in 0.00 ms.
Unloading 3524 Unused Serialized files (Serialized files now loaded: 0)
System memory in use before: 224.5 MB.
System memory in use after: 224.7 MB.

Unloading 13 unused Assets to reduce memory usage. Loaded Objects now: 4078.
Total: 3.046666 ms (FindLiveObjects: 0.267917 ms CreateObjectMapping: 0.158107 ms MarkObjects: 2.598878 ms  DeleteObjects: 0.020630 ms)

========================================================================
Received Prepare
Registering precompiled user dll's ...
Registered in 0.002446 seconds.
Begin MonoManager ReloadAssembly
Native extension for OSXStandalone target not found
Refreshing native plugins compatible for Editor in 1.40 ms, found 2 plugins.
Preloading 0 native plugins for Editor in 0.00 ms.
Mono: successfully reloaded assembly
- Completed reload, in  1.277 seconds
Platform modules already initialized, skipping
Refreshing native plugins compatible for Editor in 1.03 ms, found 2 plugins.
Preloading 0 native plugins for Editor in 0.00 ms.
Unloading 3524 Unused Serialized files (Serialized files now loaded: 0)
System memory in use before: 224.7 MB.
System memory in use after: 224.9 MB.

Unloading 13 unused Assets to reduce memory usage. Loaded Objects now: 4082.
Total: 3.030043 ms (FindLiveObjects: 0.439714 ms CreateObjectMapping: 0.260299 ms MarkObjects: 2.296928 ms  DeleteObjects: 0.032013 ms)

========================================================================
Received Prepare
Registering precompiled user dll's ...
Registered in 0.009469 seconds.
Begin MonoManager ReloadAssembly
Native extension for OSXStandalone target not found
Refreshing native plugins compatible for Editor in 1.66 ms, found 2 plugins.
Preloading 0 native plugins for Editor in 0.00 ms.
Mono: successfully reloaded assembly
- Completed reload, in  1.659 seconds
Platform modules already initialized, skipping
Refreshing native plugins compatible for Editor in 1.48 ms, found 2 plugins.
Preloading 0 native plugins for Editor in 0.00 ms.
Unloading 3524 Unused Serialized files (Serialized files now loaded: 0)
System memory in use before: 224.9 MB.
System memory in use after: 225.2 MB.

Unloading 13 unused Assets to reduce memory usage. Loaded Objects now: 4086.
Total: 3.892217 ms (FindLiveObjects: 0.437085 ms CreateObjectMapping: 0.205691 ms MarkObjects: 3.206026 ms  DeleteObjects: 0.041648 ms)

========================================================================
Received Prepare
Registering precompiled user dll's ...
Registered in 0.002416 seconds.
Begin MonoManager ReloadAssembly
Native extension for OSXStandalone target not found
Refreshing native plugins compatible for Editor in 1.35 ms, found 2 plugins.
Preloading 0 native plugins for Editor in 0.00 ms.
Mono: successfully reloaded assembly
- Completed reload, in  1.238 seconds
Platform modules already initialized, skipping
Refreshing native plugins compatible for Editor in 1.05 ms, found 2 plugins.
Preloading 0 native plugins for Editor in 0.00 ms.
Unloading 3524 Unused Serialized files (Serialized files now loaded: 0)
System memory in use before: 225.1 MB.
System memory in use after: 225.4 MB.

Unloading 13 unused Assets to reduce memory usage. Loaded Objects now: 4090.
Total: 3.395651 ms (FindLiveObjects: 0.859385 ms CreateObjectMapping: 0.176652 ms MarkObjects: 2.334116 ms  DeleteObjects: 0.024284 ms)

========================================================================
Received Prepare
Registering precompiled user dll's ...
Registered in 0.002413 seconds.
Begin MonoManager ReloadAssembly
Native extension for OSXStandalone target not found
Refreshing native plugins compatible for Editor in 1.34 ms, found 2 plugins.
Preloading 0 native plugins for Editor in 0.00 ms.
Mono: successfully reloaded assembly
- Completed reload, in  1.200 seconds
Platform modules already initialized, skipping
Refreshing native plugins compatible for Editor in 1.01 ms, found 2 plugins.
Preloading 0 native plugins for Editor in 0.00 ms.
Unloading 3524 Unused Serialized files (Serialized files now loaded: 0)
System memory in use before: 225.3 MB.
System memory in use after: 225.6 MB.

Unloading 13 unused Assets to reduce memory usage. Loaded Objects now: 4094.
Total: 2.639880 ms (FindLiveObjects: 0.266320 ms CreateObjectMapping: 0.151287 ms MarkObjects: 2.190483 ms  DeleteObjects: 0.030789 ms)

========================================================================
Received Prepare
Registering precompiled user dll's ...
Registered in 0.002543 seconds.
Begin MonoManager ReloadAssembly
Native extension for OSXStandalone target not found
Refreshing native plugins compatible for Editor in 1.31 ms, found 2 plugins.
Preloading 0 native plugins for Editor in 0.00 ms.
Mono: successfully reloaded assembly
- Completed reload, in  1.251 seconds
Platform modules already initialized, skipping
Refreshing native plugins compatible for Editor in 1.16 ms, found 2 plugins.
Preloading 0 native plugins for Editor in 0.00 ms.
Unloading 3524 Unused Serialized files (Serialized files now loaded: 0)
System memory in use before: 225.6 MB.
System memory in use after: 225.8 MB.

Unloading 13 unused Assets to reduce memory usage. Loaded Objects now: 4098.
Total: 2.698486 ms (FindLiveObjects: 0.294326 ms CreateObjectMapping: 0.133312 ms MarkObjects: 2.252706 ms  DeleteObjects: 0.017183 ms)

========================================================================
Received Prepare
Registering precompiled user dll's ...
Registered in 0.002354 seconds.
Begin MonoManager ReloadAssembly
Native extension for OSXStandalone target not found
Refreshing native plugins compatible for Editor in 1.32 ms, found 2 plugins.
Preloading 0 native plugins for Editor in 0.00 ms.
Mono: successfully reloaded assembly
- Completed reload, in  1.200 seconds
Platform modules already initialized, skipping
Refreshing native plugins compatible for Editor in 1.12 ms, found 2 plugins.
Preloading 0 native plugins for Editor in 0.00 ms.
Unloading 3524 Unused Serialized files (Serialized files now loaded: 0)
System memory in use before: 225.8 MB.
System memory in use after: 226.0 MB.

Unloading 13 unused Assets to reduce memory usage. Loaded Objects now: 4102.
Total: 2.806190 ms (FindLiveObjects: 0.315313 ms CreateObjectMapping: 0.157040 ms MarkObjects: 2.307148 ms  DeleteObjects: 0.025713 ms)

========================================================================
Received Prepare
Registering precompiled user dll's ...
Registered in 0.002489 seconds.
Begin MonoManager ReloadAssembly
Native extension for OSXStandalone target not found
Refreshing native plugins compatible for Editor in 1.32 ms, found 2 plugins.
Preloading 0 native plugins for Editor in 0.00 ms.
Mono: successfully reloaded assembly
- Completed reload, in  1.219 seconds
Platform modules already initialized, skipping
Refreshing native plugins compatible for Editor in 1.05 ms, found 2 plugins.
Preloading 0 native plugins for Editor in 0.00 ms.
Unloading 3524 Unused Serialized files (Serialized files now loaded: 0)
System memory in use before: 226.0 MB.
System memory in use after: 226.2 MB.

Unloading 13 unused Assets to reduce memory usage. Loaded Objects now: 4106.
Total: 3.323030 ms (FindLiveObjects: 0.902079 ms CreateObjectMapping: 0.189636 ms MarkObjects: 2.200533 ms  DeleteObjects: 0.029822 ms)

========================================================================
Received Prepare
Registering precompiled user dll's ...
Registered in 0.007141 seconds.
Begin MonoManager ReloadAssembly
Native extension for OSXStandalone target not found
Refreshing native plugins compatible for Editor in 1.35 ms, found 2 plugins.
Preloading 0 native plugins for Editor in 0.00 ms.
Mono: successfully reloaded assembly
- Completed reload, in  1.256 seconds
Platform modules already initialized, skipping
Refreshing native plugins compatible for Editor in 1.12 ms, found 2 plugins.
Preloading 0 native plugins for Editor in 0.00 ms.
Unloading 3524 Unused Serialized files (Serialized files now loaded: 0)
System memory in use before: 226.2 MB.
System memory in use after: 226.4 MB.

Unloading 13 unused Assets to reduce memory usage. Loaded Objects now: 4110.
Total: 2.646153 ms (FindLiveObjects: 0.265322 ms CreateObjectMapping: 0.160876 ms MarkObjects: 2.193496 ms  DeleteObjects: 0.025201 ms)

========================================================================
Received Prepare
Registering precompiled user dll's ...
Registered in 0.011770 seconds.
Begin MonoManager ReloadAssembly
Native extension for OSXStandalone target not found
Refreshing native plugins compatible for Editor in 1.65 ms, found 2 plugins.
Preloading 0 native plugins for Editor in 0.00 ms.
Mono: successfully reloaded assembly
- Completed reload, in  1.707 seconds
Platform modules already initialized, skipping
Refreshing native plugins compatible for Editor in 1.49 ms, found 2 plugins.
Preloading 0 native plugins for Editor in 0.00 ms.
Unloading 3524 Unused Serialized files (Serialized files now loaded: 0)
System memory in use before: 226.4 MB.
System memory in use after: 226.6 MB.

Unloading 13 unused Assets to reduce memory usage. Loaded Objects now: 4114.
Total: 3.195418 ms (FindLiveObjects: 0.397103 ms CreateObjectMapping: 0.271546 ms MarkObjects: 2.488672 ms  DeleteObjects: 0.036618 ms)

========================================================================
Received Prepare
Registering precompiled user dll's ...
Registered in 0.007931 seconds.
Begin MonoManager ReloadAssembly
Native extension for OSXStandalone target not found
Refreshing native plugins compatible for Editor in 2.58 ms, found 2 plugins.
Preloading 0 native plugins for Editor in 0.00 ms.
Mono: successfully reloaded assembly
- Completed reload, in  2.237 seconds
Platform modules already initialized, skipping
Refreshing native plugins compatible for Editor in 1.49 ms, found 2 plugins.
Preloading 0 native plugins for Editor in 0.00 ms.
Unloading 3524 Unused Serialized files (Serialized files now loaded: 0)
System memory in use before: 226.6 MB.
System memory in use after: 226.9 MB.

Unloading 13 unused Assets to reduce memory usage. Loaded Objects now: 4118.
Total: 3.642413 ms (FindLiveObjects: 0.422770 ms CreateObjectMapping: 0.245991 ms MarkObjects: 2.939582 ms  DeleteObjects: 0.031689 ms)

========================================================================
Received Prepare
Registering precompiled user dll's ...
Registered in 0.002410 seconds.
Begin MonoManager ReloadAssembly
Native extension for OSXStandalone target not found
Refreshing native plugins compatible for Editor in 1.47 ms, found 2 plugins.
Preloading 0 native plugins for Editor in 0.00 ms.
Mono: successfully reloaded assembly
- Completed reload, in  1.409 seconds
Platform modules already initialized, skipping
Refreshing native plugins compatible for Editor in 2.70 ms, found 2 plugins.
Preloading 0 native plugins for Editor in 0.00 ms.
Unloading 3524 Unused Serialized files (Serialized files now loaded: 0)
System memory in use before: 226.8 MB.
System memory in use after: 227.1 MB.

Unloading 13 unused Assets to reduce memory usage. Loaded Objects now: 4122.
Total: 4.973416 ms (FindLiveObjects: 0.329433 ms CreateObjectMapping: 0.200158 ms MarkObjects: 3.256037 ms  DeleteObjects: 1.186225 ms)

========================================================================
Received Prepare
Registering precompiled user dll's ...
Registered in 0.002337 seconds.
Begin MonoManager ReloadAssembly
Native extension for OSXStandalone target not found
Refreshing native plugins compatible for Editor in 1.31 ms, found 2 plugins.
Preloading 0 native plugins for Editor in 0.00 ms.
Mono: successfully reloaded assembly
- Completed reload, in  1.218 seconds
Platform modules already initialized, skipping
Refreshing native plugins compatible for Editor in 1.17 ms, found 2 plugins.
Preloading 0 native plugins for Editor in 0.00 ms.
Unloading 3524 Unused Serialized files (Serialized files now loaded: 0)
System memory in use before: 227.0 MB.
System memory in use after: 227.3 MB.

Unloading 13 unused Assets to reduce memory usage. Loaded Objects now: 4126.
Total: 2.634390 ms (FindLiveObjects: 0.278755 ms CreateObjectMapping: 0.179220 ms MarkObjects: 2.145869 ms  DeleteObjects: 0.029454 ms)

========================================================================
Received Prepare
Registering precompiled user dll's ...
Registered in 0.002414 seconds.
Begin MonoManager ReloadAssembly
Native extension for OSXStandalone target not found
Refreshing native plugins compatible for Editor in 1.43 ms, found 2 plugins.
Preloading 0 native plugins for Editor in 0.00 ms.
Mono: successfully reloaded assembly
- Completed reload, in  1.199 seconds
Platform modules already initialized, skipping
Refreshing native plugins compatible for Editor in 1.02 ms, found 2 plugins.
Preloading 0 native plugins for Editor in 0.00 ms.
Unloading 3524 Unused Serialized files (Serialized files now loaded: 0)
System memory in use before: 227.3 MB.
System memory in use after: 227.5 MB.

Unloading 13 unused Assets to reduce memory usage. Loaded Objects now: 4130.
Total: 2.640143 ms (FindLiveObjects: 0.264425 ms CreateObjectMapping: 0.158062 ms MarkObjects: 2.187230 ms  DeleteObjects: 0.029588 ms)

========================================================================
Received Prepare
Registering precompiled user dll's ...
Registered in 0.003067 seconds.
Begin MonoManager ReloadAssembly
Native extension for OSXStandalone target not found
Refreshing native plugins compatible for Editor in 1.76 ms, found 2 plugins.
Preloading 0 native plugins for Editor in 0.00 ms.
Mono: successfully reloaded assembly
- Completed reload, in  1.282 seconds
Platform modules already initialized, skipping
Refreshing native plugins compatible for Editor in 1.31 ms, found 2 plugins.
Preloading 0 native plugins for Editor in 0.00 ms.
Unloading 3524 Unused Serialized files (Serialized files now loaded: 0)
System memory in use before: 227.5 MB.
System memory in use after: 227.7 MB.

Unloading 13 unused Assets to reduce memory usage. Loaded Objects now: 4134.
Total: 4.322111 ms (FindLiveObjects: 0.968756 ms CreateObjectMapping: 0.195487 ms MarkObjects: 2.607760 ms  DeleteObjects: 0.549145 ms)

AssetImportWorkerClient::OnTransportError - code=2 error=End of file
